<?xml version="1.0" encoding="UTF-8" ?>
<testsuite tests="11" failures="0" name="org.apache.ddlutils.io.converters.TestTimeConverter" time="0.004" errors="0" skipped="0">
  <properties>
[...]
</properties>
  <testcase classname="org.apache.ddlutils.io.converters.TestTimeConverter" name="testConvertToStringWithWrongType" time="0"/>
  <testcase classname="org.apache.ddlutils.io.converters.TestTimeConverter" name="testConvertFromStringWithInvalidTextRep" time="0"/>
  <testcase classname="org.apache.ddlutils.io.converters.TestTimeConverter" name="testNormalConvertToString" time="0.001"/>
  <testcase classname="org.apache.ddlutils.io.converters.TestTimeConverter" name="testNormalConvertFromHoursMinutesSecondsTimeString" time="0"/>
  <testcase classname="org.apache.ddlutils.io.converters.TestTimeConverter" name="testConvertToStringWithNullTime" time="0"/>
  <testcase classname="org.apache.ddlutils.io.converters.TestTimeConverter" name="testNormalConvertFromIsoDateTimeString" time="0"/>
  <testcase classname="org.apache.ddlutils.io.converters.TestTimeConverter" name="testNormalConvertFromHoursMinutesTimeString" time="0.001"/>
  <testcase classname="org.apache.ddlutils.io.converters.TestTimeConverter" name="testConvertFromStringWithNullTextRep" time="0"/>
  <testcase classname="org.apache.ddlutils.io.converters.TestTimeConverter" name="testConvertFromStringWithAlphaTextRep" time="0"/>
  <testcase classname="org.apache.ddlutils.io.converters.TestTimeConverter" name="testConvertFromStringWithInvalidSqlType" time="0"/>
  <testcase classname="org.apache.ddlutils.io.converters.TestTimeConverter" name="testNormalConvertFromHoursTimeString" time="0"/>
</testsuite>